{
  "RSpec": {
    "coverage": {
      "/Users/nabilo/code/projects/week10/bank-tech-test/spec/bank_spec.rb": [
        1,
        null,
        1,
        null,
        5,
        null,
        5,
        5,
        null,
        null,
        1,
        1,
        1,
        1,
        1,
        1,
        null,
        null,
        null,
        1,
        1,
        1,
        null,
        null,
        null,
        null,
        1,
        1,
        1,
        1,
        1,
        1,
        1,
        null,
        null,
        null,
        1,
        1,
        null,
        1,
        null,
        null,
        null,
        null
      ],
      "/Users/nabilo/code/projects/week10/bank-tech-test/lib/bank.rb": [
        1,
        1,
        1,
        null,
        1,
        null,
        1,
        null,
        1,
        5,
        5,
        5,
        null,
        null,
        1,
        3,
        3,
        null,
        null,
        1,
        2,
        2,
        null,
        null,
        1,
        3,
        null,
        null
      ],
      "/Users/nabilo/code/projects/week10/bank-tech-test/lib/transaction.rb": [
        1,
        1,
        null,
        1,
        3,
        null,
        null,
        1,
        5,
        null,
        null,
        null
      ],
      "/Users/nabilo/code/projects/week10/bank-tech-test/lib/printer.rb": [
        1,
        null,
        1,
        2,
        2,
        4,
        4,
        16,
        null,
        null,
        2,
        null,
        null
      ],
      "/Users/nabilo/code/projects/week10/bank-tech-test/spec/feature/feature_spec.rb": [
        1,
        null,
        1,
        null,
        2,
        1,
        1,
        null,
        1,
        1,
        1,
        null,
        1,
        1,
        1,
        null,
        null
      ],
      "/Users/nabilo/code/projects/week10/bank-tech-test/spec/printer_spec.rb": [
        null,
        1,
        null,
        1,
        null,
        2,
        2,
        null,
        1,
        1,
        1,
        1,
        null,
        null,
        null
      ],
      "/Users/nabilo/code/projects/week10/bank-tech-test/spec/transaction_spec.rb": [
        1,
        null,
        1,
        null,
        3,
        3,
        null,
        null,
        1,
        1,
        1,
        null,
        null,
        1,
        1,
        1,
        1,
        null,
        null
      ]
    },
    "timestamp": 1534354278
  }
}
